***********************************************************************
2020-06-22 17:36:24异常信息：
操作已超时。
***********************************************************************
2020-06-22 17:36:24异常信息：
未将对象引用设置到对象的实例。
***********************************************************************
2020-06-22 17:36:24异常信息：
未将对象引用设置到对象的实例。
***********************************************************************
2020-06-22 17:37:43异常信息：
操作已超时。
***********************************************************************
2020-06-22 17:37:43异常信息：
操作已超时。
***********************************************************************
2020-06-22 17:37:43异常信息：
未将对象引用设置到对象的实例。
***********************************************************************
2020-06-22 17:37:43异常信息：
未将对象引用设置到对象的实例。
***********************************************************************
2020-06-22 18:11:54异常信息：
给定关键字不在字典中。
***********************************************************************
2020-06-22 18:11:55异常信息：
给定关键字不在字典中。
***********************************************************************
2020-06-22 18:15:44异常信息：
给定关键字不在字典中。
***********************************************************************
2020-06-22 18:15:44异常信息：
给定关键字不在字典中。
***********************************************************************
2020-06-22 18:30:22异常信息：
操作已超时。
***********************************************************************
2020-06-22 18:30:22异常信息：
未将对象引用设置到对象的实例。
***********************************************************************
2020-06-22 18:30:22异常信息：
未将对象引用设置到对象的实例。
