***********************************************************************
2020-07-14 09:40:57异常信息：
获取指标数据异常:输入字符串的格式不正确。
***********************************************************************
2020-07-14 09:47:42异常信息：
获取指标数据异常:输入字符串的格式不正确。
***********************************************************************
2020-07-14 09:51:34异常信息：
获取指标数据异常:输入字符串的格式不正确。
***********************************************************************
2020-07-14 10:39:30异常信息：
尝试打开的数据库已经被机器 'LX88MJ9AK0H147K' 上的用户 'ADMIN' 以排它的方式打开。当数据库可使用后请再试一次。
***********************************************************************
2020-07-14 10:39:54异常信息：
尝试打开的数据库已经被机器 'LX88MJ9AK0H147K' 上的用户 'ADMIN' 以排它的方式打开。当数据库可使用后请再试一次。
***********************************************************************
2020-07-14 10:40:30异常信息：
尝试打开的数据库已经被机器 'LX88MJ9AK0H147K' 上的用户 'ADMIN' 以排它的方式打开。当数据库可使用后请再试一次。
***********************************************************************
2020-07-14 10:42:49异常信息：
尝试打开的数据库已经被机器 'LX88MJ9AK0H147K' 上的用户 'ADMIN' 以排它的方式打开。当数据库可使用后请再试一次。
***********************************************************************
2020-07-14 10:45:52异常信息：
名为“dtType”的 DataTable 已属于此 DataSet。
***********************************************************************
2020-07-14 10:53:44异常信息：
尝试打开的数据库已经被机器 'LX88MJ9AK0H147K' 上的用户 'Admin' 以排它的方式打开。当数据库可使用后请再试一次。
***********************************************************************
2020-07-14 10:54:48异常信息：
尝试打开的数据库已经被机器 'LX88MJ9AK0H147K' 上的用户 'Admin' 以排它的方式打开。当数据库可使用后请再试一次。
***********************************************************************
2020-07-14 10:55:54异常信息：
尝试打开的数据库已经被机器 'LX88MJ9AK0H147K' 上的用户 'Admin' 以排它的方式打开。当数据库可使用后请再试一次。
***********************************************************************
2020-07-14 10:58:29异常信息：
System.Runtime.InteropServices.COMException (0x80040353): 表 'CCWJQ_FW' 已存在。
   在 ESRI.ArcGIS.Geodatabase.IFeatureWorkspace.CreateFeatureClass(String Name, IFields Fields, UID CLSID, UID EXTCLSID, esriFeatureType FeatureType, String ShapeFieldName, String ConfigKeyword)
   在 ApiServer.Common.MJPC.CreateFeature(IWorkspaceAPI pSourceWsAPImdb, IPolygon pAEPolygon, ISpatialReference spatialReference) 位置 F:\自主研发-空间信息平台2019\Code\实施监督系统\server\ApiServer\ApiServer\Common\MJPC.cs:行号 60
***********************************************************************
2020-07-14 10:58:33异常信息：
尝试打开的数据库已经被机器 'LX88MJ9AK0H147K' 上的用户 'Admin' 以排它的方式打开。当数据库可使用后请再试一次。
***********************************************************************
2020-07-14 11:12:22异常信息：
Microsoft Jet 数据库引擎找不到输入表或查询 'CCWJQ_'。 确定它是否存在，以及它的名称的拼写是否正确。
***********************************************************************
2020-07-14 11:12:22异常信息：
尝试打开的数据库已经被机器 'LX88MJ9AK0H147K' 上的用户 'Admin' 以排它的方式打开。当数据库可使用后请再试一次。
***********************************************************************
2020-07-14 11:12:34异常信息：
Microsoft Jet 数据库引擎找不到输入表或查询 'CCWJQ_'。 确定它是否存在，以及它的名称的拼写是否正确。
***********************************************************************
2020-07-14 11:12:34异常信息：
尝试打开的数据库已经被机器 'LX88MJ9AK0H147K' 上的用户 'Admin' 以排它的方式打开。当数据库可使用后请再试一次。
***********************************************************************
2020-07-14 11:13:06异常信息：
Microsoft Jet 数据库引擎找不到输入表或查询 'CCWJQ_'。 确定它是否存在，以及它的名称的拼写是否正确。
***********************************************************************
2020-07-14 11:13:06异常信息：
尝试打开的数据库已经被机器 'LX88MJ9AK0H147K' 上的用户 'Admin' 以排它的方式打开。当数据库可使用后请再试一次。
***********************************************************************
2020-07-14 11:13:41异常信息：
Microsoft Jet 数据库引擎找不到输入表或查询 'CCWJQ_'。 确定它是否存在，以及它的名称的拼写是否正确。
***********************************************************************
2020-07-14 11:13:41异常信息：
尝试打开的数据库已经被机器 'LX88MJ9AK0H147K' 上的用户 'Admin' 以排它的方式打开。当数据库可使用后请再试一次。
***********************************************************************
2020-07-14 11:16:34异常信息：
尝试打开的数据库已经被机器 'LX88MJ9AK0H147K' 上的用户 'Admin' 以排它的方式打开。当数据库可使用后请再试一次。
***********************************************************************
2020-07-14 11:17:20异常信息：
Microsoft Jet 数据库引擎找不到输入表或查询 'CJDCQ_'。 确定它是否存在，以及它的名称的拼写是否正确。
***********************************************************************
2020-07-14 11:17:20异常信息：
尝试打开的数据库已经被机器 'LX88MJ9AK0H147K' 上的用户 'Admin' 以排它的方式打开。当数据库可使用后请再试一次。
***********************************************************************
2020-07-14 11:27:00异常信息：
Microsoft Jet 数据库引擎找不到输入表或查询 'CCWJQ_'。 确定它是否存在，以及它的名称的拼写是否正确。
***********************************************************************
2020-07-14 11:27:00异常信息：
尝试打开的数据库已经被机器 'LX88MJ9AK0H147K' 上的用户 'Admin' 以排它的方式打开。当数据库可使用后请再试一次。
***********************************************************************
2020-07-14 11:29:49异常信息：
执行: FeatureClassToFeatureClass 拆除未尽区[现状] F:\自主研发-空间信息平台2019\Code\实施监督系统\server\ApiServer\ApiServer\临时文件\压盖分析20200714112704\Temp.mdb CCWJQ # "bsm "标识码" true true false 18 Text 0 0 ,First,#,拆除未尽区[现状],bsm,-1,-1;ysdm "要素代码" true true false 10 Text 0 0 ,First,#,拆除未尽区[现状],ysdm,-1,-1;zdmj "占地面积" true true false 8 Double 8 38 ,First,#,拆除未尽区[现状],zdmj,-1,-1;bz "备注" true true false 255 Text 0 0 ,First,#,拆除未尽区[现状],bz,-1,-1;st_area_shape_ "st_area(shape)" false true true 0 Double 0 0 ,First,#,拆除未尽区[现状],st_area(shape),-1,-1;st_length_shape_ "st_length(shape)" false true true 0 Double 0 0 ,First,#,拆除未尽区[现状],st_length(shape),-1,-1" #
开始时间: Tue Jul 14 11:29:45 2020
ERROR 000258: 输出 F:\自主研发-空间信息平台2019\Code\实施监督系统\server\ApiServer\ApiServer\临时文件\压盖分析20200714112704\Temp.mdb\CCWJQ 已存在
无法获取方案锁，因为已存在现有锁。
尝试打开的数据库已经被机器 'LX88MJ9AK0H147K' 上的用户 'Admin' 以排它的方式打开。当数据库可使用后请再试一次。
执行(FeatureClassToFeatureClass)失败。
失败 在 Tue Jul 14 11:29:46 2020 (经历的时间: 0.23 秒)
***********************************************************************
2020-07-14 11:29:49异常信息：
尝试打开的数据库已经被机器 'LX88MJ9AK0H147K' 上的用户 'Admin' 以排它的方式打开。当数据库可使用后请再试一次。
***********************************************************************
2020-07-14 11:30:48异常信息：
尝试打开的数据库已经被机器 'LX88MJ9AK0H147K' 上的用户 'Admin' 以排它的方式打开。当数据库可使用后请再试一次。
***********************************************************************
2020-07-14 11:32:48异常信息：
Microsoft Jet 数据库引擎找不到输入表或查询 'CJDCQ_'。 确定它是否存在，以及它的名称的拼写是否正确。
***********************************************************************
2020-07-14 11:32:48异常信息：
尝试打开的数据库已经被机器 'LX88MJ9AK0H147K' 上的用户 'Admin' 以排它的方式打开。当数据库可使用后请再试一次。
***********************************************************************
2020-07-14 11:33:08异常信息：
尝试打开的数据库已经被机器 'LX88MJ9AK0H147K' 上的用户 'Admin' 以排它的方式打开。当数据库可使用后请再试一次。
***********************************************************************
2020-07-14 11:33:37异常信息：
尝试打开的数据库已经被机器 'LX88MJ9AK0H147K' 上的用户 'Admin' 以排它的方式打开。当数据库可使用后请再试一次。
***********************************************************************
2020-07-14 11:34:18异常信息：
尝试打开的数据库已经被机器 'LX88MJ9AK0H147K' 上的用户 'Admin' 以排它的方式打开。当数据库可使用后请再试一次。
***********************************************************************
2020-07-14 11:35:44异常信息：
尝试打开的数据库已经被机器 'LX88MJ9AK0H147K' 上的用户 'Admin' 以排它的方式打开。当数据库可使用后请再试一次。
***********************************************************************
2020-07-14 11:36:33异常信息：
尝试打开的数据库已经被机器 'LX88MJ9AK0H147K' 上的用户 'Admin' 以排它的方式打开。当数据库可使用后请再试一次。
***********************************************************************
2020-07-14 11:39:27异常信息：
尝试打开的数据库已经被机器 'LX88MJ9AK0H147K' 上的用户 'Admin' 以排它的方式打开。当数据库可使用后请再试一次。
***********************************************************************
2020-07-14 11:41:44异常信息：
尝试打开的数据库已经被机器 'LX88MJ9AK0H147K' 上的用户 'Admin' 以排它的方式打开。当数据库可使用后请再试一次。
***********************************************************************
2020-07-14 11:44:21异常信息：
尝试打开的数据库已经被机器 'LX88MJ9AK0H147K' 上的用户 'Admin' 以排它的方式打开。当数据库可使用后请再试一次。
***********************************************************************
2020-07-14 11:46:00异常信息：
尝试打开的数据库已经被机器 'LX88MJ9AK0H147K' 上的用户 'Admin' 以排它的方式打开。当数据库可使用后请再试一次。
***********************************************************************
2020-07-14 12:05:07异常信息：
Microsoft Jet 数据库引擎找不到输入表或查询 'JQXZYD_'。 确定它是否存在，以及它的名称的拼写是否正确。
***********************************************************************
2020-07-14 13:47:11异常信息：
Microsoft Jet 数据库引擎找不到输入表或查询 'XZQXZ_'。 确定它是否存在，以及它的名称的拼写是否正确。
***********************************************************************
2020-07-14 13:48:32异常信息：
Microsoft Jet 数据库引擎找不到输入表或查询 'XZQXS_'。 确定它是否存在，以及它的名称的拼写是否正确。
***********************************************************************
2020-07-14 14:30:55异常信息：
导入图形未能加载文件或程序集“ogr_csharp, Version=1.0.5119.42724, Culture=neutral, PublicKeyToken=db5a52b08dc5b321”或它的某一个依赖项。系统找不到指定的文件。
***********************************************************************
2020-07-14 14:39:28异常信息：
导入图形未能加载文件或程序集“ogr_csharp, Version=1.0.5119.42724, Culture=neutral, PublicKeyToken=db5a52b08dc5b321”或它的某一个依赖项。系统找不到指定的文件。
***********************************************************************
2020-07-14 14:44:57异常信息：
导入图形未能加载文件或程序集“ogr_csharp, Version=1.0.5119.42724, Culture=neutral, PublicKeyToken=db5a52b08dc5b321”或它的某一个依赖项。系统找不到指定的文件。
***********************************************************************
2020-07-14 14:55:56异常信息：
投影System.FormatException: 输入字符串的格式不正确。
   在 System.Number.StringToNumber(String str, NumberStyles options, NumberBuffer& number, NumberFormatInfo info, Boolean parseDecimal)
   在 System.Number.ParseInt32(String s, NumberStyles style, NumberFormatInfo info)
   在 System.Convert.ToInt32(String value)
   在 ApiServer.Common.DRTX.GetSpatialReferenceType() 位置 F:\自主研发-空间信息平台2019\Code\实施监督系统\server\ApiServer\ApiServer\Common\DRTX.cs:行号 303
   在 ApiServer.Common.DRTX.Projection_Envelope5(List`1 pGeometryList, Int32 mapwkid) 位置 F:\自主研发-空间信息平台2019\Code\实施监督系统\server\ApiServer\ApiServer\Common\DRTX.cs:行号 215
***********************************************************************
2020-07-14 17:01:42异常信息：
索引超出范围。必须为非负值并小于集合大小。
参数名: index
***********************************************************************
2020-07-14 17:12:38异常信息：
指定的要素类不存在！
***********************************************************************
2020-07-14 17:14:26异常信息：
指定的要素类不存在！
***********************************************************************
2020-07-14 17:16:04异常信息：
指定的要素类不存在！
***********************************************************************
2020-07-14 17:17:50异常信息：
指定的要素类不存在！
