***********************************************************************
2020-06-28 11:35:29异常信息：
远程服务器返回错误: (500) 内部服务器错误。
***********************************************************************
2020-06-28 11:35:29异常信息：
远程服务器返回错误: (500) 内部服务器错误。
***********************************************************************
2020-06-28 11:35:29异常信息：
远程服务器返回错误: (500) 内部服务器错误。
***********************************************************************
2020-06-28 11:35:29异常信息：
远程服务器返回错误: (500) 内部服务器错误。
***********************************************************************
2020-06-28 11:35:29异常信息：
远程服务器返回错误: (500) 内部服务器错误。
***********************************************************************
2020-06-28 11:35:30异常信息：
远程服务器返回错误: (500) 内部服务器错误。
***********************************************************************
2020-06-28 11:35:30异常信息：
远程服务器返回错误: (500) 内部服务器错误。
***********************************************************************
2020-06-28 11:36:54异常信息：
远程服务器返回错误: (500) 内部服务器错误。
***********************************************************************
2020-06-28 11:36:54异常信息：
远程服务器返回错误: (500) 内部服务器错误。
***********************************************************************
2020-06-28 11:36:54异常信息：
远程服务器返回错误: (500) 内部服务器错误。
***********************************************************************
2020-06-28 11:36:55异常信息：
远程服务器返回错误: (500) 内部服务器错误。
***********************************************************************
2020-06-28 11:36:55异常信息：
远程服务器返回错误: (500) 内部服务器错误。
***********************************************************************
2020-06-28 11:36:55异常信息：
远程服务器返回错误: (500) 内部服务器错误。
***********************************************************************
2020-06-28 11:36:55异常信息：
远程服务器返回错误: (500) 内部服务器错误。
***********************************************************************
2020-06-28 11:38:10异常信息：
远程服务器返回错误: (500) 内部服务器错误。
***********************************************************************
2020-06-28 11:38:10异常信息：
远程服务器返回错误: (500) 内部服务器错误。
***********************************************************************
2020-06-28 11:38:10异常信息：
远程服务器返回错误: (500) 内部服务器错误。
***********************************************************************
2020-06-28 11:38:10异常信息：
远程服务器返回错误: (500) 内部服务器错误。
***********************************************************************
2020-06-28 11:38:10异常信息：
远程服务器返回错误: (500) 内部服务器错误。
***********************************************************************
2020-06-28 11:38:10异常信息：
远程服务器返回错误: (500) 内部服务器错误。
***********************************************************************
2020-06-28 11:38:10异常信息：
远程服务器返回错误: (500) 内部服务器错误。
***********************************************************************
2020-06-28 11:38:20异常信息：
远程服务器返回错误: (500) 内部服务器错误。
***********************************************************************
2020-06-28 11:38:20异常信息：
远程服务器返回错误: (500) 内部服务器错误。
***********************************************************************
2020-06-28 11:38:20异常信息：
远程服务器返回错误: (500) 内部服务器错误。
***********************************************************************
2020-06-28 11:38:20异常信息：
远程服务器返回错误: (500) 内部服务器错误。
***********************************************************************
2020-06-28 11:38:20异常信息：
远程服务器返回错误: (500) 内部服务器错误。
***********************************************************************
2020-06-28 11:38:21异常信息：
远程服务器返回错误: (500) 内部服务器错误。
***********************************************************************
2020-06-28 11:38:21异常信息：
远程服务器返回错误: (500) 内部服务器错误。
***********************************************************************
2020-06-28 11:38:29异常信息：
远程服务器返回错误: (500) 内部服务器错误。
***********************************************************************
2020-06-28 11:38:30异常信息：
远程服务器返回错误: (500) 内部服务器错误。
***********************************************************************
2020-06-28 11:38:30异常信息：
远程服务器返回错误: (500) 内部服务器错误。
***********************************************************************
2020-06-28 11:38:30异常信息：
远程服务器返回错误: (500) 内部服务器错误。
***********************************************************************
2020-06-28 11:38:30异常信息：
远程服务器返回错误: (500) 内部服务器错误。
***********************************************************************
2020-06-28 11:38:30异常信息：
远程服务器返回错误: (500) 内部服务器错误。
***********************************************************************
2020-06-28 11:38:30异常信息：
远程服务器返回错误: (500) 内部服务器错误。
***********************************************************************
2020-06-28 18:16:45异常信息：
索引超出范围。必须为非负值并小于集合大小。
参数名: index
