***********************************************************************
2020-07-15 11:33:08异常信息：
Microsoft Jet 数据库引擎找不到输入表或查询 'XZQXS'。 确定它是否存在，以及它的名称的拼写是否正确。
***********************************************************************
2020-07-15 11:34:46异常信息：
Microsoft Jet 数据库引擎找不到输入表或查询 'XZQXZ'。 确定它是否存在，以及它的名称的拼写是否正确。
***********************************************************************
2020-07-15 11:39:42异常信息：
Microsoft Jet 数据库引擎找不到输入表或查询 'XZQXZ'。 确定它是否存在，以及它的名称的拼写是否正确。
***********************************************************************
2020-07-15 13:48:05异常信息：
远程服务器返回错误: (500) 内部服务器错误。
***********************************************************************
2020-07-15 13:48:05异常信息：
远程服务器返回错误: (500) 内部服务器错误。
***********************************************************************
2020-07-15 13:48:05异常信息：
远程服务器返回错误: (500) 内部服务器错误。
***********************************************************************
2020-07-15 13:48:05异常信息：
远程服务器返回错误: (500) 内部服务器错误。
***********************************************************************
2020-07-15 13:48:05异常信息：
远程服务器返回错误: (500) 内部服务器错误。
***********************************************************************
2020-07-15 13:48:05异常信息：
远程服务器返回错误: (500) 内部服务器错误。
